<?xml version="1.0" encoding="UTF-8"?>
<testsuite name="com.team3.gdx.tests.CookTests" tests="1" skipped="0" failures="0" errors="0" timestamp="2023-02-23T15:36:39" hostname="GAMING-PC" time="0.036">
  <properties/>
  <testcase name="testMovement" classname="com.team3.gdx.tests.CookTests" time="0.036"/>
  <system-out><![CDATA[]]></system-out>
  <system-err><![CDATA[]]></system-err>
</testsuite>
