<?xml version="1.0" encoding="UTF-8"?>
<testsuite name="de.tomgrill.gdxtesting.examples.UnitTestExample" tests="1" skipped="0" failures="0" errors="0" timestamp="2023-04-19T09:52:43" hostname="hamza-HP-ProBook-640-G5" time="0.0">
  <properties/>
  <testcase name="oneEqualsOne" classname="de.tomgrill.gdxtesting.examples.UnitTestExample" time="0.0"/>
  <system-out><![CDATA[]]></system-out>
  <system-err><![CDATA[]]></system-err>
</testsuite>
